((source . "<a href=\"http://github.com/artagnon/twitel\">Twitel</a>")
 (truncated . :json-false)
 (id . 2329690155.0)
 (in_reply_to_screen_name)
 (favorited . :json-false)
 (in_reply_to_user_id)
 (created_at . "Thu Jun 25 18:03:51 +0000 2009")
 (user
  (verified . :json-false)
  (id . 14888753)
  (location . "Kharagpur, West Bengal, India")
  (following . :json-false)
  (screen_name . "artagnon")
  (profile_sidebar_border_color . "87bc44")
  (profile_image_url . "http://s3.amazonaws.com/twitter_production/profile_images/79367886/artagnon_normal.jpg")
  (profile_sidebar_fill_color . "e0ff92")
  (favourites_count . 18)
  (protected . :json-false)
  (name . "Ramkumar R")
  (url . "http://artagnon.com")
  (profile_background_color . "DDFAED")
  (friends_count . 486)
  (profile_background_tile . :json-false)
  (statuses_count . 3238)
  (followers_count . 626)
  (profile_link_color . "000000")
  (created_at . "Sat May 24 06:00:59 +0000 2008")
  (time_zone . "Kolkata")
  (utc_offset . 19800)
  (profile_background_image_url . "http://s3.amazonaws.com/twitter_production/profile_background_images/2574253/highlands_germany.jpg")
  (description . "Idealist. Purist. Programmer. Incidentally, also a student at IIT Kharagpur.")
  (profile_text_color . "000000")
  (notifications . :json-false))
 (in_reply_to_status_id)
 (text . "My first tweet from Twitel. Does it work?"))
